<?xml version="1.0" encoding="UTF-8"?>
<!-- Generated by org.testng.reporters.JUnitXMLReporter -->
<testsuite ignored="1" hostname="LAPTOP-2TS75UGP" failures="1" tests="1" name="Test(failed)" time="0.056" errors="0" timestamp="2023-07-17T15:15:46 IST">
  <testcase classname="testNG1.Demo2" name="method4" time="0.009">
    <failure type="java.lang.ArithmeticException" message="/ by zero">
      <![CDATA[java.lang.ArithmeticException: / by zero
at testNG1.Demo2.method4(Demo2.java:15)
at java.base/java.util.ArrayList.forEach(ArrayList.java:1511)
... Removed 27 stack frames]]>
    </failure>
  </testcase> <!-- method4 -->
  <testcase classname="testNG1.Demo2" name="method3" time="0.0">
    <ignored/>
  </testcase> <!-- method3 -->
</testsuite> <!-- Test(failed) -->
