<?xml version="1.0" encoding="UTF-8"?>
<testng-results ignored="0" total="5" passed="5" failed="0" skipped="0">
  <reporter-output>
  </reporter-output>
  <suite started-at="2023-07-27T15:09:59 IST" name="Default suite" finished-at="2023-07-27T15:10:16 IST" duration-ms="17322">
    <groups>
    </groups>
    <test started-at="2023-07-27T15:09:59 IST" name="Default test" finished-at="2023-07-27T15:10:16 IST" duration-ms="17322">
      <class name="testNGAnnotation_Flags.ActiTimeDataProvider">
        <test-method signature="invalidLoginMethod(java.lang.String,java.lang.String)[pri:0, instance:testNGAnnotation_Flags.ActiTimeDataProvider@15043a2f]" started-at="2023-07-27T15:09:59 IST" name="invalidLoginMethod" data-provider="testData" finished-at="2023-07-27T15:10:03 IST" duration-ms="4047" status="PASS">
          <params>
            <param index="0">
              <value>
                <![CDATA[ad_min]]>
              </value>
            </param>
            <param index="1">
              <value>
                <![CDATA[mana_ger]]>
              </value>
            </param>
          </params>
          <reporter-output>
          </reporter-output>
        </test-method> <!-- invalidLoginMethod -->
        <test-method signature="invalidLoginMethod(java.lang.String,java.lang.String)[pri:0, instance:testNGAnnotation_Flags.ActiTimeDataProvider@15043a2f]" started-at="2023-07-27T15:10:03 IST" name="invalidLoginMethod" data-provider="testData" finished-at="2023-07-27T15:10:06 IST" duration-ms="3194" status="PASS">
          <params>
            <param index="0">
              <value>
                <![CDATA[@admin]]>
              </value>
            </param>
            <param index="1">
              <value>
                <![CDATA[@manager]]>
              </value>
            </param>
          </params>
          <reporter-output>
          </reporter-output>
        </test-method> <!-- invalidLoginMethod -->
        <test-method signature="invalidLoginMethod(java.lang.String,java.lang.String)[pri:0, instance:testNGAnnotation_Flags.ActiTimeDataProvider@15043a2f]" started-at="2023-07-27T15:10:06 IST" name="invalidLoginMethod" data-provider="testData" finished-at="2023-07-27T15:10:10 IST" duration-ms="3262" status="PASS">
          <params>
            <param index="0">
              <value>
                <![CDATA[manager]]>
              </value>
            </param>
            <param index="1">
              <value>
                <![CDATA[admin]]>
              </value>
            </param>
          </params>
          <reporter-output>
          </reporter-output>
        </test-method> <!-- invalidLoginMethod -->
        <test-method signature="invalidLoginMethod(java.lang.String,java.lang.String)[pri:0, instance:testNGAnnotation_Flags.ActiTimeDataProvider@15043a2f]" started-at="2023-07-27T15:10:10 IST" name="invalidLoginMethod" data-provider="testData" finished-at="2023-07-27T15:10:13 IST" duration-ms="3367" status="PASS">
          <params>
            <param index="0">
              <value>
                <![CDATA[admin123]]>
              </value>
            </param>
            <param index="1">
              <value>
                <![CDATA[manager123]]>
              </value>
            </param>
          </params>
          <reporter-output>
          </reporter-output>
        </test-method> <!-- invalidLoginMethod -->
        <test-method signature="invalidLoginMethod(java.lang.String,java.lang.String)[pri:0, instance:testNGAnnotation_Flags.ActiTimeDataProvider@15043a2f]" started-at="2023-07-27T15:10:13 IST" name="invalidLoginMethod" data-provider="testData" finished-at="2023-07-27T15:10:16 IST" duration-ms="3381" status="PASS">
          <params>
            <param index="0">
              <value>
                <![CDATA[123admin]]>
              </value>
            </param>
            <param index="1">
              <value>
                <![CDATA[123manager]]>
              </value>
            </param>
          </params>
          <reporter-output>
          </reporter-output>
        </test-method> <!-- invalidLoginMethod -->
      </class> <!-- testNGAnnotation_Flags.ActiTimeDataProvider -->
    </test> <!-- Default test -->
  </suite> <!-- Default suite -->
</testng-results>
